c:\users\b023200h\documents\github\tankai\gameai\gameai\debug\vc141.pdb
c:\users\b023200h\documents\github\tankai\gameai\gameai\debug\vc141.idb
c:\users\b023200h\documents\github\tankai\gameai\gameai\debug\tinystr.obj
c:\users\b023200h\documents\github\tankai\gameai\gameai\debug\texture2d.obj
c:\users\b023200h\documents\github\tankai\gameai\gameai\debug\testtank.obj
c:\users\b023200h\documents\github\tankai\gameai\gameai\debug\tankmanager.obj
c:\users\b023200h\documents\github\tankai\gameai\gameai\debug\b023200htank.obj
c:\users\b023200h\documents\github\tankai\gameai\gameai\debug\source.obj
c:\users\b023200h\documents\github\tankai\gameai\gameai\debug\projectilemanager.obj
c:\users\b023200h\documents\github\tankai\gameai\gameai\debug\projectile.obj
c:\users\b023200h\documents\github\tankai\gameai\gameai\debug\pickupmanager.obj
c:\users\b023200h\documents\github\tankai\gameai\gameai\debug\pathfinder_drs.obj
c:\users\b023200h\documents\github\tankai\gameai\gameai\debug\obstaclemanager.obj
c:\users\b023200h\documents\github\tankai\gameai\gameai\debug\levelmap.obj
c:\users\b023200h\documents\github\tankai\gameai\gameai\debug\gamescreenmanager.obj
c:\users\b023200h\documents\github\tankai\gameai\gameai\debug\gamescreenlevel1.obj
c:\users\b023200h\documents\github\tankai\gameai\gameai\debug\gamescreen.obj
c:\users\b023200h\documents\github\tankai\gameai\gameai\debug\gameobject.obj
c:\users\b023200h\documents\github\tankai\gameai\gameai\debug\dumbtank.obj
c:\users\b023200h\documents\github\tankai\gameai\gameai\debug\controlledtank.obj
c:\users\b023200h\documents\github\tankai\gameai\gameai\debug\basetank.obj
c:\users\b023200h\documents\github\tankai\gameai\gameai\debug\astar.obj
c:\users\b023200h\documents\github\tankai\gameai\gameai\debug\waypointmanager.obj
c:\users\b023200h\documents\github\tankai\gameai\gameai\debug\waypoint.obj
c:\users\b023200h\documents\github\tankai\gameai\gameai\debug\tinyxmlparser.obj
c:\users\b023200h\documents\github\tankai\gameai\gameai\debug\tinyxmlerror.obj
c:\users\b023200h\documents\github\tankai\gameai\gameai\debug\tinyxml.obj
c:\users\b023200h\documents\github\tankai\gameai\debug\gameai.exe
c:\users\b023200h\documents\github\tankai\gameai\debug\gameai.ilk
c:\users\b023200h\documents\github\tankai\gameai\debug\gameai.pdb
c:\users\b023200h\documents\github\tankai\gameai\gameai\debug\collisions.obj
c:\users\b023200h\documents\github\tankai\gameai\gameai\debug\vc140.idb
c:\users\b023200h\documents\github\tankai\gameai\gameai\debug\vc140.pdb
c:\users\b023200h\documents\github\tankai\gameai\gameai\debug\gameai.tlog\cl.command.1.tlog
c:\users\b023200h\documents\github\tankai\gameai\gameai\debug\gameai.tlog\cl.read.1.tlog
c:\users\b023200h\documents\github\tankai\gameai\gameai\debug\gameai.tlog\cl.write.1.tlog
c:\users\b023200h\documents\github\tankai\gameai\gameai\debug\gameai.tlog\link.command.1.tlog
c:\users\b023200h\documents\github\tankai\gameai\gameai\debug\gameai.tlog\link.delete.1.tlog
c:\users\b023200h\documents\github\tankai\gameai\gameai\debug\gameai.tlog\link.read.1.tlog
c:\users\b023200h\documents\github\tankai\gameai\gameai\debug\gameai.tlog\link.write.1.tlog
